{
  "RSpec": {
    "coverage": {
      "/Users/tonychoutdara/Desktop/DPL/week5/trollo/config/environment.rb": [
        null,
        1,
        null,
        null,
        1
      ],
      "/Users/tonychoutdara/Desktop/DPL/week5/trollo/config/application.rb": [
        1,
        null,
        1,
        null,
        1,
        1,
        1,
        1,
        1,
        1,
        1,
        1,
        1,
        null,
        null,
        null,
        null,
        1,
        null,
        1,
        1,
        null,
        1,
        null,
        null,
        null,
        null,
        null,
        null,
        null,
        1,
        null,
        null
      ],
      "/Users/tonychoutdara/Desktop/DPL/week5/trollo/config/boot.rb": [
        1,
        null,
        1,
        1
      ],
      "/Users/tonychoutdara/Desktop/DPL/week5/trollo/config/environments/test.rb": [
        1,
        null,
        null,
        null,
        null,
        null,
        null,
        1,
        null,
        null,
        null,
        null,
        1,
        null,
        null,
        1,
        1,
        null,
        null,
        null,
        null,
        1,
        1,
        null,
        null,
        1,
        null,
        null,
        1,
        null,
        null,
        1,
        null,
        1,
        null,
        null,
        null,
        null,
        1,
        null,
        null,
        1,
        null,
        null,
        null,
        null
      ],
      "/Users/tonychoutdara/Desktop/DPL/week5/trollo/config/initializers/application_controller_renderer.rb": [
        null,
        null,
        null,
        null,
        null,
        null,
        null,
        null
      ],
      "/Users/tonychoutdara/Desktop/DPL/week5/trollo/config/initializers/assets.rb": [
        null,
        null,
        null,
        1,
        null,
        null,
        null,
        null,
        1,
        null,
        null,
        null,
        null,
        null
      ],
      "/Users/tonychoutdara/Desktop/DPL/week5/trollo/config/initializers/backtrace_silencers.rb": [
        null,
        null,
        null,
        null,
        null,
        null,
        null
      ],
      "/Users/tonychoutdara/Desktop/DPL/week5/trollo/config/initializers/content_security_policy.rb": [
        null,
        null,
        null,
        null,
        null,
        null,
        null,
        null,
        null,
        null,
        null,
        null,
        null,
        null,
        null,
        null,
        null,
        null,
        null,
        null,
        null,
        null,
        null,
        null,
        null
      ],
      "/Users/tonychoutdara/Desktop/DPL/week5/trollo/config/initializers/cookies_serializer.rb": [
        null,
        null,
        null,
        null,
        1
      ],
      "/Users/tonychoutdara/Desktop/DPL/week5/trollo/config/initializers/filter_parameter_logging.rb": [
        null,
        null,
        null,
        1
      ],
      "/Users/tonychoutdara/Desktop/DPL/week5/trollo/config/initializers/inflections.rb": [
        null,
        null,
        null,
        null,
        null,
        null,
        null,
        null,
        null,
        null,
        null,
        null,
        null,
        null,
        null,
        null
      ],
      "/Users/tonychoutdara/Desktop/DPL/week5/trollo/config/initializers/mime_types.rb": [
        null,
        null,
        null,
        null
      ],
      "/Users/tonychoutdara/Desktop/DPL/week5/trollo/config/initializers/wrap_parameters.rb": [
        null,
        null,
        null,
        null,
        null,
        null,
        1,
        2,
        null,
        null,
        null,
        null,
        null,
        null
      ],
      "/Users/tonychoutdara/Desktop/DPL/week5/trollo/spec/factories/boards.rb": [
        1,
        1,
        1,
        null,
        null
      ],
      "/Users/tonychoutdara/Desktop/DPL/week5/trollo/spec/factories/lists.rb": [
        1,
        1,
        1,
        null,
        null
      ],
      "/Users/tonychoutdara/Desktop/DPL/week5/trollo/spec/factories/tasks.rb": [
        1,
        1,
        1,
        null,
        null
      ],
      "/Users/tonychoutdara/Desktop/DPL/week5/trollo/config/routes.rb": [
        1,
        null,
        null
      ],
      "/Users/tonychoutdara/Desktop/DPL/week5/trollo/app/helpers/application_helper.rb": [
        1,
        null
      ],
      "/Users/tonychoutdara/Desktop/DPL/week5/trollo/app/helpers/boards_helper.rb": [
        1,
        null
      ],
      "/Users/tonychoutdara/Desktop/DPL/week5/trollo/app/helpers/lists_helper.rb": [
        1,
        null
      ],
      "/Users/tonychoutdara/Desktop/DPL/week5/trollo/app/helpers/tasks_helper.rb": [
        1,
        null
      ],
      "/Users/tonychoutdara/Desktop/DPL/week5/trollo/app/models/board.rb": [
        1,
        1,
        1,
        null,
        null
      ],
      "/Users/tonychoutdara/Desktop/DPL/week5/trollo/app/models/application_record.rb": [
        1,
        1,
        null
      ]
    },
    "timestamp": 1536617187
  }
}
